{"E:\\Programming Files\\Mobile App\\Expo\\BoilerPlate\\RN-Firebase-RTK-TS-Boilerplate\\.eslintrc.js": {"path":"E:\\Programming Files\\Mobile App\\Expo\\BoilerPlate\\RN-Firebase-RTK-TS-Boilerplate\\.eslintrc.js","statementMap":{"0":{"start":{"line":1,"column":0},"end":{"line":14,"column":2}}},"fnMap":{},"branchMap":{},"s":{"0":0},"f":{},"b":{}}
,"E:\\Programming Files\\Mobile App\\Expo\\BoilerPlate\\RN-Firebase-RTK-TS-Boilerplate\\metro.config.js": {"path":"E:\\Programming Files\\Mobile App\\Expo\\BoilerPlate\\RN-Firebase-RTK-TS-Boilerplate\\metro.config.js","statementMap":{"0":{"start":{"line":1,"column":29},"end":{"line":1,"column":58}},"1":{"start":{"line":3,"column":22},"end":{"line":3,"column":49}},"2":{"start":{"line":4,"column":0},"end":{"line":4,"column":46}},"3":{"start":{"line":6,"column":0},"end":{"line":6,"column":31}}},"fnMap":{},"branchMap":{},"s":{"0":0,"1":0,"2":0,"3":0},"f":{},"b":{}}
,"E:\\Programming Files\\Mobile App\\Expo\\BoilerPlate\\RN-Firebase-RTK-TS-Boilerplate\\.expo\\metro\\polyfill.js": {"path":"E:\\Programming Files\\Mobile App\\Expo\\BoilerPlate\\RN-Firebase-RTK-TS-Boilerplate\\.expo\\metro\\polyfill.js","statementMap":{"0":{"start":{"line":1,"column":0},"end":{"line":1,"column":81}},"1":{"start":{"line":1,"column":76},"end":{"line":1,"column":80}}},"fnMap":{"0":{"name":"(anonymous_0)","decl":{"start":{"line":1,"column":70},"end":{"line":1,"column":71}},"loc":{"start":{"line":1,"column":76},"end":{"line":1,"column":80}},"line":1}},"branchMap":{"0":{"loc":{"start":{"line":1,"column":28},"end":{"line":1,"column":80}},"type":"cond-expr","locations":[{"start":{"line":1,"column":60},"end":{"line":1,"column":67}},{"start":{"line":1,"column":70},"end":{"line":1,"column":80}}],"line":1}},"s":{"0":0,"1":0},"f":{"0":0},"b":{"0":[0,0]}}
,"E:\\Programming Files\\Mobile App\\Expo\\BoilerPlate\\RN-Firebase-RTK-TS-Boilerplate\\.expo\\metro\\polyfill.native.js": {"path":"E:\\Programming Files\\Mobile App\\Expo\\BoilerPlate\\RN-Firebase-RTK-TS-Boilerplate\\.expo\\metro\\polyfill.native.js","statementMap":{"0":{"start":{"line":1,"column":0},"end":{"line":1,"column":155}},"1":{"start":{"line":1,"column":43},"end":{"line":1,"column":154}}},"fnMap":{"0":{"name":"(anonymous_0)","decl":{"start":{"line":1,"column":28},"end":{"line":1,"column":29}},"loc":{"start":{"line":1,"column":42},"end":{"line":1,"column":155}},"line":1}},"branchMap":{},"s":{"0":0,"1":0},"f":{"0":0},"b":{}}
,"E:\\Programming Files\\Mobile App\\Expo\\BoilerPlate\\RN-Firebase-RTK-TS-Boilerplate\\.expo\\metro\\externals\\assert\\index.js": {"path":"E:\\Programming Files\\Mobile App\\Expo\\BoilerPlate\\RN-Firebase-RTK-TS-Boilerplate\\.expo\\metro\\externals\\assert\\index.js","statementMap":{"0":{"start":{"line":1,"column":0},"end":{"line":1,"column":51}}},"fnMap":{},"branchMap":{},"s":{"0":0},"f":{},"b":{}}
,"E:\\Programming Files\\Mobile App\\Expo\\BoilerPlate\\RN-Firebase-RTK-TS-Boilerplate\\.expo\\metro\\externals\\async_hooks\\index.js": {"path":"E:\\Programming Files\\Mobile App\\Expo\\BoilerPlate\\RN-Firebase-RTK-TS-Boilerplate\\.expo\\metro\\externals\\async_hooks\\index.js","statementMap":{"0":{"start":{"line":1,"column":0},"end":{"line":1,"column":56}}},"fnMap":{},"branchMap":{},"s":{"0":0},"f":{},"b":{}}
,"E:\\Programming Files\\Mobile App\\Expo\\BoilerPlate\\RN-Firebase-RTK-TS-Boilerplate\\.expo\\metro\\externals\\buffer\\index.js": {"path":"E:\\Programming Files\\Mobile App\\Expo\\BoilerPlate\\RN-Firebase-RTK-TS-Boilerplate\\.expo\\metro\\externals\\buffer\\index.js","statementMap":{"0":{"start":{"line":1,"column":0},"end":{"line":1,"column":51}}},"fnMap":{},"branchMap":{},"s":{"0":0},"f":{},"b":{}}
,"E:\\Programming Files\\Mobile App\\Expo\\BoilerPlate\\RN-Firebase-RTK-TS-Boilerplate\\.expo\\metro\\externals\\child_process\\index.js": {"path":"E:\\Programming Files\\Mobile App\\Expo\\BoilerPlate\\RN-Firebase-RTK-TS-Boilerplate\\.expo\\metro\\externals\\child_process\\index.js","statementMap":{"0":{"start":{"line":1,"column":0},"end":{"line":1,"column":58}}},"fnMap":{},"branchMap":{},"s":{"0":0},"f":{},"b":{}}
,"E:\\Programming Files\\Mobile App\\Expo\\BoilerPlate\\RN-Firebase-RTK-TS-Boilerplate\\.expo\\metro\\externals\\cluster\\index.js": {"path":"E:\\Programming Files\\Mobile App\\Expo\\BoilerPlate\\RN-Firebase-RTK-TS-Boilerplate\\.expo\\metro\\externals\\cluster\\index.js","statementMap":{"0":{"start":{"line":1,"column":0},"end":{"line":1,"column":52}}},"fnMap":{},"branchMap":{},"s":{"0":0},"f":{},"b":{}}
,"E:\\Programming Files\\Mobile App\\Expo\\BoilerPlate\\RN-Firebase-RTK-TS-Boilerplate\\.expo\\metro\\externals\\console\\index.js": {"path":"E:\\Programming Files\\Mobile App\\Expo\\BoilerPlate\\RN-Firebase-RTK-TS-Boilerplate\\.expo\\metro\\externals\\console\\index.js","statementMap":{"0":{"start":{"line":1,"column":0},"end":{"line":1,"column":52}}},"fnMap":{},"branchMap":{},"s":{"0":0},"f":{},"b":{}}
,"E:\\Programming Files\\Mobile App\\Expo\\BoilerPlate\\RN-Firebase-RTK-TS-Boilerplate\\.expo\\metro\\externals\\constants\\index.js": {"path":"E:\\Programming Files\\Mobile App\\Expo\\BoilerPlate\\RN-Firebase-RTK-TS-Boilerplate\\.expo\\metro\\externals\\constants\\index.js","statementMap":{"0":{"start":{"line":1,"column":0},"end":{"line":1,"column":54}}},"fnMap":{},"branchMap":{},"s":{"0":0},"f":{},"b":{}}
,"E:\\Programming Files\\Mobile App\\Expo\\BoilerPlate\\RN-Firebase-RTK-TS-Boilerplate\\.expo\\metro\\externals\\crypto\\index.js": {"path":"E:\\Programming Files\\Mobile App\\Expo\\BoilerPlate\\RN-Firebase-RTK-TS-Boilerplate\\.expo\\metro\\externals\\crypto\\index.js","statementMap":{"0":{"start":{"line":1,"column":0},"end":{"line":1,"column":51}}},"fnMap":{},"branchMap":{},"s":{"0":0},"f":{},"b":{}}
,"E:\\Programming Files\\Mobile App\\Expo\\BoilerPlate\\RN-Firebase-RTK-TS-Boilerplate\\.expo\\metro\\externals\\dgram\\index.js": {"path":"E:\\Programming Files\\Mobile App\\Expo\\BoilerPlate\\RN-Firebase-RTK-TS-Boilerplate\\.expo\\metro\\externals\\dgram\\index.js","statementMap":{"0":{"start":{"line":1,"column":0},"end":{"line":1,"column":50}}},"fnMap":{},"branchMap":{},"s":{"0":0},"f":{},"b":{}}
,"E:\\Programming Files\\Mobile App\\Expo\\BoilerPlate\\RN-Firebase-RTK-TS-Boilerplate\\.expo\\metro\\externals\\diagnostics_channel\\index.js": {"path":"E:\\Programming Files\\Mobile App\\Expo\\BoilerPlate\\RN-Firebase-RTK-TS-Boilerplate\\.expo\\metro\\externals\\diagnostics_channel\\index.js","statementMap":{"0":{"start":{"line":1,"column":0},"end":{"line":1,"column":64}}},"fnMap":{},"branchMap":{},"s":{"0":0},"f":{},"b":{}}
,"E:\\Programming Files\\Mobile App\\Expo\\BoilerPlate\\RN-Firebase-RTK-TS-Boilerplate\\.expo\\metro\\externals\\dns\\index.js": {"path":"E:\\Programming Files\\Mobile App\\Expo\\BoilerPlate\\RN-Firebase-RTK-TS-Boilerplate\\.expo\\metro\\externals\\dns\\index.js","statementMap":{"0":{"start":{"line":1,"column":0},"end":{"line":1,"column":48}}},"fnMap":{},"branchMap":{},"s":{"0":0},"f":{},"b":{}}
,"E:\\Programming Files\\Mobile App\\Expo\\BoilerPlate\\RN-Firebase-RTK-TS-Boilerplate\\.expo\\metro\\externals\\domain\\index.js": {"path":"E:\\Programming Files\\Mobile App\\Expo\\BoilerPlate\\RN-Firebase-RTK-TS-Boilerplate\\.expo\\metro\\externals\\domain\\index.js","statementMap":{"0":{"start":{"line":1,"column":0},"end":{"line":1,"column":51}}},"fnMap":{},"branchMap":{},"s":{"0":0},"f":{},"b":{}}
,"E:\\Programming Files\\Mobile App\\Expo\\BoilerPlate\\RN-Firebase-RTK-TS-Boilerplate\\.expo\\metro\\externals\\events\\index.js": {"path":"E:\\Programming Files\\Mobile App\\Expo\\BoilerPlate\\RN-Firebase-RTK-TS-Boilerplate\\.expo\\metro\\externals\\events\\index.js","statementMap":{"0":{"start":{"line":1,"column":0},"end":{"line":1,"column":51}}},"fnMap":{},"branchMap":{},"s":{"0":0},"f":{},"b":{}}
,"E:\\Programming Files\\Mobile App\\Expo\\BoilerPlate\\RN-Firebase-RTK-TS-Boilerplate\\.expo\\metro\\externals\\fs\\index.js": {"path":"E:\\Programming Files\\Mobile App\\Expo\\BoilerPlate\\RN-Firebase-RTK-TS-Boilerplate\\.expo\\metro\\externals\\fs\\index.js","statementMap":{"0":{"start":{"line":1,"column":0},"end":{"line":1,"column":47}}},"fnMap":{},"branchMap":{},"s":{"0":0},"f":{},"b":{}}
,"E:\\Programming Files\\Mobile App\\Expo\\BoilerPlate\\RN-Firebase-RTK-TS-Boilerplate\\.expo\\metro\\externals\\fs\\promises\\index.js": {"path":"E:\\Programming Files\\Mobile App\\Expo\\BoilerPlate\\RN-Firebase-RTK-TS-Boilerplate\\.expo\\metro\\externals\\fs\\promises\\index.js","statementMap":{"0":{"start":{"line":1,"column":0},"end":{"line":1,"column":56}}},"fnMap":{},"branchMap":{},"s":{"0":0},"f":{},"b":{}}
,"E:\\Programming Files\\Mobile App\\Expo\\BoilerPlate\\RN-Firebase-RTK-TS-Boilerplate\\.expo\\metro\\externals\\http\\index.js": {"path":"E:\\Programming Files\\Mobile App\\Expo\\BoilerPlate\\RN-Firebase-RTK-TS-Boilerplate\\.expo\\metro\\externals\\http\\index.js","statementMap":{"0":{"start":{"line":1,"column":0},"end":{"line":1,"column":49}}},"fnMap":{},"branchMap":{},"s":{"0":0},"f":{},"b":{}}
,"E:\\Programming Files\\Mobile App\\Expo\\BoilerPlate\\RN-Firebase-RTK-TS-Boilerplate\\.expo\\metro\\externals\\http2\\index.js": {"path":"E:\\Programming Files\\Mobile App\\Expo\\BoilerPlate\\RN-Firebase-RTK-TS-Boilerplate\\.expo\\metro\\externals\\http2\\index.js","statementMap":{"0":{"start":{"line":1,"column":0},"end":{"line":1,"column":50}}},"fnMap":{},"branchMap":{},"s":{"0":0},"f":{},"b":{}}
,"E:\\Programming Files\\Mobile App\\Expo\\BoilerPlate\\RN-Firebase-RTK-TS-Boilerplate\\.expo\\metro\\externals\\https\\index.js": {"path":"E:\\Programming Files\\Mobile App\\Expo\\BoilerPlate\\RN-Firebase-RTK-TS-Boilerplate\\.expo\\metro\\externals\\https\\index.js","statementMap":{"0":{"start":{"line":1,"column":0},"end":{"line":1,"column":50}}},"fnMap":{},"branchMap":{},"s":{"0":0},"f":{},"b":{}}
,"E:\\Programming Files\\Mobile App\\Expo\\BoilerPlate\\RN-Firebase-RTK-TS-Boilerplate\\.expo\\metro\\externals\\inspector\\index.js": {"path":"E:\\Programming Files\\Mobile App\\Expo\\BoilerPlate\\RN-Firebase-RTK-TS-Boilerplate\\.expo\\metro\\externals\\inspector\\index.js","statementMap":{"0":{"start":{"line":1,"column":0},"end":{"line":1,"column":54}}},"fnMap":{},"branchMap":{},"s":{"0":0},"f":{},"b":{}}
,"E:\\Programming Files\\Mobile App\\Expo\\BoilerPlate\\RN-Firebase-RTK-TS-Boilerplate\\.expo\\metro\\externals\\module\\index.js": {"path":"E:\\Programming Files\\Mobile App\\Expo\\BoilerPlate\\RN-Firebase-RTK-TS-Boilerplate\\.expo\\metro\\externals\\module\\index.js","statementMap":{"0":{"start":{"line":1,"column":0},"end":{"line":1,"column":51}}},"fnMap":{},"branchMap":{},"s":{"0":0},"f":{},"b":{}}
,"E:\\Programming Files\\Mobile App\\Expo\\BoilerPlate\\RN-Firebase-RTK-TS-Boilerplate\\.expo\\metro\\externals\\net\\index.js": {"path":"E:\\Programming Files\\Mobile App\\Expo\\BoilerPlate\\RN-Firebase-RTK-TS-Boilerplate\\.expo\\metro\\externals\\net\\index.js","statementMap":{"0":{"start":{"line":1,"column":0},"end":{"line":1,"column":48}}},"fnMap":{},"branchMap":{},"s":{"0":0},"f":{},"b":{}}
,"E:\\Programming Files\\Mobile App\\Expo\\BoilerPlate\\RN-Firebase-RTK-TS-Boilerplate\\.expo\\metro\\externals\\os\\index.js": {"path":"E:\\Programming Files\\Mobile App\\Expo\\BoilerPlate\\RN-Firebase-RTK-TS-Boilerplate\\.expo\\metro\\externals\\os\\index.js","statementMap":{"0":{"start":{"line":1,"column":0},"end":{"line":1,"column":47}}},"fnMap":{},"branchMap":{},"s":{"0":0},"f":{},"b":{}}
,"E:\\Programming Files\\Mobile App\\Expo\\BoilerPlate\\RN-Firebase-RTK-TS-Boilerplate\\.expo\\metro\\externals\\path\\index.js": {"path":"E:\\Programming Files\\Mobile App\\Expo\\BoilerPlate\\RN-Firebase-RTK-TS-Boilerplate\\.expo\\metro\\externals\\path\\index.js","statementMap":{"0":{"start":{"line":1,"column":0},"end":{"line":1,"column":49}}},"fnMap":{},"branchMap":{},"s":{"0":0},"f":{},"b":{}}
,"E:\\Programming Files\\Mobile App\\Expo\\BoilerPlate\\RN-Firebase-RTK-TS-Boilerplate\\.expo\\metro\\externals\\perf_hooks\\index.js": {"path":"E:\\Programming Files\\Mobile App\\Expo\\BoilerPlate\\RN-Firebase-RTK-TS-Boilerplate\\.expo\\metro\\externals\\perf_hooks\\index.js","statementMap":{"0":{"start":{"line":1,"column":0},"end":{"line":1,"column":55}}},"fnMap":{},"branchMap":{},"s":{"0":0},"f":{},"b":{}}
,"E:\\Programming Files\\Mobile App\\Expo\\BoilerPlate\\RN-Firebase-RTK-TS-Boilerplate\\.expo\\metro\\externals\\process\\index.js": {"path":"E:\\Programming Files\\Mobile App\\Expo\\BoilerPlate\\RN-Firebase-RTK-TS-Boilerplate\\.expo\\metro\\externals\\process\\index.js","statementMap":{"0":{"start":{"line":1,"column":0},"end":{"line":1,"column":52}}},"fnMap":{},"branchMap":{},"s":{"0":0},"f":{},"b":{}}
,"E:\\Programming Files\\Mobile App\\Expo\\BoilerPlate\\RN-Firebase-RTK-TS-Boilerplate\\.expo\\metro\\externals\\punycode\\index.js": {"path":"E:\\Programming Files\\Mobile App\\Expo\\BoilerPlate\\RN-Firebase-RTK-TS-Boilerplate\\.expo\\metro\\externals\\punycode\\index.js","statementMap":{"0":{"start":{"line":1,"column":0},"end":{"line":1,"column":53}}},"fnMap":{},"branchMap":{},"s":{"0":0},"f":{},"b":{}}
,"E:\\Programming Files\\Mobile App\\Expo\\BoilerPlate\\RN-Firebase-RTK-TS-Boilerplate\\.expo\\metro\\externals\\querystring\\index.js": {"path":"E:\\Programming Files\\Mobile App\\Expo\\BoilerPlate\\RN-Firebase-RTK-TS-Boilerplate\\.expo\\metro\\externals\\querystring\\index.js","statementMap":{"0":{"start":{"line":1,"column":0},"end":{"line":1,"column":56}}},"fnMap":{},"branchMap":{},"s":{"0":0},"f":{},"b":{}}
,"E:\\Programming Files\\Mobile App\\Expo\\BoilerPlate\\RN-Firebase-RTK-TS-Boilerplate\\.expo\\metro\\externals\\readline\\index.js": {"path":"E:\\Programming Files\\Mobile App\\Expo\\BoilerPlate\\RN-Firebase-RTK-TS-Boilerplate\\.expo\\metro\\externals\\readline\\index.js","statementMap":{"0":{"start":{"line":1,"column":0},"end":{"line":1,"column":53}}},"fnMap":{},"branchMap":{},"s":{"0":0},"f":{},"b":{}}
,"E:\\Programming Files\\Mobile App\\Expo\\BoilerPlate\\RN-Firebase-RTK-TS-Boilerplate\\.expo\\metro\\externals\\repl\\index.js": {"path":"E:\\Programming Files\\Mobile App\\Expo\\BoilerPlate\\RN-Firebase-RTK-TS-Boilerplate\\.expo\\metro\\externals\\repl\\index.js","statementMap":{"0":{"start":{"line":1,"column":0},"end":{"line":1,"column":49}}},"fnMap":{},"branchMap":{},"s":{"0":0},"f":{},"b":{}}
,"E:\\Programming Files\\Mobile App\\Expo\\BoilerPlate\\RN-Firebase-RTK-TS-Boilerplate\\.expo\\metro\\externals\\stream\\index.js": {"path":"E:\\Programming Files\\Mobile App\\Expo\\BoilerPlate\\RN-Firebase-RTK-TS-Boilerplate\\.expo\\metro\\externals\\stream\\index.js","statementMap":{"0":{"start":{"line":1,"column":0},"end":{"line":1,"column":51}}},"fnMap":{},"branchMap":{},"s":{"0":0},"f":{},"b":{}}
,"E:\\Programming Files\\Mobile App\\Expo\\BoilerPlate\\RN-Firebase-RTK-TS-Boilerplate\\.expo\\metro\\externals\\string_decoder\\index.js": {"path":"E:\\Programming Files\\Mobile App\\Expo\\BoilerPlate\\RN-Firebase-RTK-TS-Boilerplate\\.expo\\metro\\externals\\string_decoder\\index.js","statementMap":{"0":{"start":{"line":1,"column":0},"end":{"line":1,"column":59}}},"fnMap":{},"branchMap":{},"s":{"0":0},"f":{},"b":{}}
,"E:\\Programming Files\\Mobile App\\Expo\\BoilerPlate\\RN-Firebase-RTK-TS-Boilerplate\\.expo\\metro\\externals\\timers\\index.js": {"path":"E:\\Programming Files\\Mobile App\\Expo\\BoilerPlate\\RN-Firebase-RTK-TS-Boilerplate\\.expo\\metro\\externals\\timers\\index.js","statementMap":{"0":{"start":{"line":1,"column":0},"end":{"line":1,"column":51}}},"fnMap":{},"branchMap":{},"s":{"0":0},"f":{},"b":{}}
,"E:\\Programming Files\\Mobile App\\Expo\\BoilerPlate\\RN-Firebase-RTK-TS-Boilerplate\\.expo\\metro\\externals\\tls\\index.js": {"path":"E:\\Programming Files\\Mobile App\\Expo\\BoilerPlate\\RN-Firebase-RTK-TS-Boilerplate\\.expo\\metro\\externals\\tls\\index.js","statementMap":{"0":{"start":{"line":1,"column":0},"end":{"line":1,"column":48}}},"fnMap":{},"branchMap":{},"s":{"0":0},"f":{},"b":{}}
,"E:\\Programming Files\\Mobile App\\Expo\\BoilerPlate\\RN-Firebase-RTK-TS-Boilerplate\\.expo\\metro\\externals\\trace_events\\index.js": {"path":"E:\\Programming Files\\Mobile App\\Expo\\BoilerPlate\\RN-Firebase-RTK-TS-Boilerplate\\.expo\\metro\\externals\\trace_events\\index.js","statementMap":{"0":{"start":{"line":1,"column":0},"end":{"line":1,"column":57}}},"fnMap":{},"branchMap":{},"s":{"0":0},"f":{},"b":{}}
,"E:\\Programming Files\\Mobile App\\Expo\\BoilerPlate\\RN-Firebase-RTK-TS-Boilerplate\\.expo\\metro\\externals\\tty\\index.js": {"path":"E:\\Programming Files\\Mobile App\\Expo\\BoilerPlate\\RN-Firebase-RTK-TS-Boilerplate\\.expo\\metro\\externals\\tty\\index.js","statementMap":{"0":{"start":{"line":1,"column":0},"end":{"line":1,"column":48}}},"fnMap":{},"branchMap":{},"s":{"0":0},"f":{},"b":{}}
,"E:\\Programming Files\\Mobile App\\Expo\\BoilerPlate\\RN-Firebase-RTK-TS-Boilerplate\\.expo\\metro\\externals\\url\\index.js": {"path":"E:\\Programming Files\\Mobile App\\Expo\\BoilerPlate\\RN-Firebase-RTK-TS-Boilerplate\\.expo\\metro\\externals\\url\\index.js","statementMap":{"0":{"start":{"line":1,"column":0},"end":{"line":1,"column":48}}},"fnMap":{},"branchMap":{},"s":{"0":0},"f":{},"b":{}}
,"E:\\Programming Files\\Mobile App\\Expo\\BoilerPlate\\RN-Firebase-RTK-TS-Boilerplate\\.expo\\metro\\externals\\util\\index.js": {"path":"E:\\Programming Files\\Mobile App\\Expo\\BoilerPlate\\RN-Firebase-RTK-TS-Boilerplate\\.expo\\metro\\externals\\util\\index.js","statementMap":{"0":{"start":{"line":1,"column":0},"end":{"line":1,"column":49}}},"fnMap":{},"branchMap":{},"s":{"0":0},"f":{},"b":{}}
,"E:\\Programming Files\\Mobile App\\Expo\\BoilerPlate\\RN-Firebase-RTK-TS-Boilerplate\\.expo\\metro\\externals\\v8\\index.js": {"path":"E:\\Programming Files\\Mobile App\\Expo\\BoilerPlate\\RN-Firebase-RTK-TS-Boilerplate\\.expo\\metro\\externals\\v8\\index.js","statementMap":{"0":{"start":{"line":1,"column":0},"end":{"line":1,"column":47}}},"fnMap":{},"branchMap":{},"s":{"0":0},"f":{},"b":{}}
,"E:\\Programming Files\\Mobile App\\Expo\\BoilerPlate\\RN-Firebase-RTK-TS-Boilerplate\\.expo\\metro\\externals\\vm\\index.js": {"path":"E:\\Programming Files\\Mobile App\\Expo\\BoilerPlate\\RN-Firebase-RTK-TS-Boilerplate\\.expo\\metro\\externals\\vm\\index.js","statementMap":{"0":{"start":{"line":1,"column":0},"end":{"line":1,"column":47}}},"fnMap":{},"branchMap":{},"s":{"0":0},"f":{},"b":{}}
,"E:\\Programming Files\\Mobile App\\Expo\\BoilerPlate\\RN-Firebase-RTK-TS-Boilerplate\\.expo\\metro\\externals\\wasi\\index.js": {"path":"E:\\Programming Files\\Mobile App\\Expo\\BoilerPlate\\RN-Firebase-RTK-TS-Boilerplate\\.expo\\metro\\externals\\wasi\\index.js","statementMap":{"0":{"start":{"line":1,"column":0},"end":{"line":1,"column":49}}},"fnMap":{},"branchMap":{},"s":{"0":0},"f":{},"b":{}}
,"E:\\Programming Files\\Mobile App\\Expo\\BoilerPlate\\RN-Firebase-RTK-TS-Boilerplate\\.expo\\metro\\externals\\worker_threads\\index.js": {"path":"E:\\Programming Files\\Mobile App\\Expo\\BoilerPlate\\RN-Firebase-RTK-TS-Boilerplate\\.expo\\metro\\externals\\worker_threads\\index.js","statementMap":{"0":{"start":{"line":1,"column":0},"end":{"line":1,"column":59}}},"fnMap":{},"branchMap":{},"s":{"0":0},"f":{},"b":{}}
,"E:\\Programming Files\\Mobile App\\Expo\\BoilerPlate\\RN-Firebase-RTK-TS-Boilerplate\\.expo\\metro\\externals\\zlib\\index.js": {"path":"E:\\Programming Files\\Mobile App\\Expo\\BoilerPlate\\RN-Firebase-RTK-TS-Boilerplate\\.expo\\metro\\externals\\zlib\\index.js","statementMap":{"0":{"start":{"line":1,"column":0},"end":{"line":1,"column":49}}},"fnMap":{},"branchMap":{},"s":{"0":0},"f":{},"b":{}}
}
